h:\github_gdnh22\mysql.git\mysql++\for_vs2017\vc2017\debug\mysqlpp_d.pdb
h:\github_gdnh22\mysql.git\mysql++\for_vs2017\vc2017\debug\mysqlpp_d.idb
h:\github_gdnh22\mysql.git\mysql++\for_vs2017\vc2017\debug\mysqlpp\mysql++.obj
h:\github_gdnh22\mysql.git\mysql++\for_vs2017\vc2017\debug\mysqlpp\mystring.obj
h:\github_gdnh22\mysql.git\mysql++\for_vs2017\vc2017\debug\mysqlpp\null.obj
h:\github_gdnh22\mysql.git\mysql++\for_vs2017\vc2017\debug\mysqlpp\options.obj
h:\github_gdnh22\mysql.git\mysql++\for_vs2017\vc2017\debug\mysqlpp\qparms.obj
h:\github_gdnh22\mysql.git\mysql++\for_vs2017\vc2017\debug\mysqlpp\query.obj
h:\github_gdnh22\mysql.git\mysql++\for_vs2017\vc2017\debug\mysqlpp\result.obj
h:\github_gdnh22\mysql.git\mysql++\for_vs2017\vc2017\debug\mysqlpp\row.obj
h:\github_gdnh22\mysql.git\mysql++\for_vs2017\vc2017\debug\mysqlpp\scopedconnection.obj
h:\github_gdnh22\mysql.git\mysql++\for_vs2017\vc2017\debug\mysqlpp\sqlstream.obj
h:\github_gdnh22\mysql.git\mysql++\for_vs2017\vc2017\debug\mysqlpp\sql_buffer.obj
h:\github_gdnh22\mysql.git\mysql++\for_vs2017\vc2017\debug\mysqlpp\ssqls2.obj
h:\github_gdnh22\mysql.git\mysql++\for_vs2017\vc2017\debug\mysqlpp\stadapter.obj
h:\github_gdnh22\mysql.git\mysql++\for_vs2017\vc2017\debug\mysqlpp\tcp_connection.obj
h:\github_gdnh22\mysql.git\mysql++\for_vs2017\vc2017\debug\mysqlpp\transaction.obj
h:\github_gdnh22\mysql.git\mysql++\for_vs2017\vc2017\debug\mysqlpp\type_info.obj
h:\github_gdnh22\mysql.git\mysql++\for_vs2017\vc2017\debug\mysqlpp\uds_connection.obj
h:\github_gdnh22\mysql.git\mysql++\for_vs2017\vc2017\debug\mysqlpp\utility.obj
h:\github_gdnh22\mysql.git\mysql++\for_vs2017\vc2017\debug\mysqlpp\vallist.obj
h:\github_gdnh22\mysql.git\mysql++\for_vs2017\vc2017\debug\mysqlpp\wnp_connection.obj
h:\github_gdnh22\mysql.git\mysql++\for_vs2017\vc2017\debug\mysqlpp\beemutex.obj
h:\github_gdnh22\mysql.git\mysql++\for_vs2017\vc2017\debug\mysqlpp\cmdline.obj
h:\github_gdnh22\mysql.git\mysql++\for_vs2017\vc2017\debug\mysqlpp\connection.obj
h:\github_gdnh22\mysql.git\mysql++\for_vs2017\vc2017\debug\mysqlpp\cpool.obj
h:\github_gdnh22\mysql.git\mysql++\for_vs2017\vc2017\debug\mysqlpp\datetime.obj
h:\github_gdnh22\mysql.git\mysql++\for_vs2017\vc2017\debug\mysqlpp\dbdriver.obj
h:\github_gdnh22\mysql.git\mysql++\for_vs2017\vc2017\debug\mysqlpp\field_names.obj
h:\github_gdnh22\mysql.git\mysql++\for_vs2017\vc2017\debug\mysqlpp\field_types.obj
h:\github_gdnh22\mysql.git\mysql++\for_vs2017\vc2017\debug\mysqlpp\manip.obj
h:\github_gdnh22\mysql.git\mysql++\for_vs2017\vc2017\debug\mysqlpp\myset.obj
h:\github_gdnh22\mysql.git\mysql++\for_vs2017\vc2017\debug\mysqlpp_d.dll
h:\github_gdnh22\mysql.git\mysql++\for_vs2017\vc2017\debug\mysqlpp_d.ilk
h:\github_gdnh22\mysql.git\mysql++\for_vs2017\vc2017\debug\mysqlpp_d.lib
h:\github_gdnh22\mysql.git\mysql++\for_vs2017\vc2017\debug\mysqlpp_d.exp
h:\github_gdnh22\mysql.git\mysql++\for_vs2017\vc2017\debug\mysqlpp\mysqlpp.tlog\cl.command.1.tlog
h:\github_gdnh22\mysql.git\mysql++\for_vs2017\vc2017\debug\mysqlpp\mysqlpp.tlog\cl.read.1.tlog
h:\github_gdnh22\mysql.git\mysql++\for_vs2017\vc2017\debug\mysqlpp\mysqlpp.tlog\cl.write.1.tlog
h:\github_gdnh22\mysql.git\mysql++\for_vs2017\vc2017\debug\mysqlpp\mysqlpp.tlog\link.command.1.tlog
h:\github_gdnh22\mysql.git\mysql++\for_vs2017\vc2017\debug\mysqlpp\mysqlpp.tlog\link.read.1.tlog
h:\github_gdnh22\mysql.git\mysql++\for_vs2017\vc2017\debug\mysqlpp\mysqlpp.tlog\link.write.1.tlog
h:\github_gdnh22\mysql.git\mysql++\for_vs2017\vc2017\debug\mysqlpp\mysqlpp.tlog\mysqlpp.write.1u.tlog
